<?xml version="1.0" encoding="UTF-8"?>
<!-- Generated by org.testng.reporters.JUnitReportReporter -->
<testsuite hostname="DESKTOP-8PG3HDS" failures="0" tests="1" name="com.tests.LoginApiTest" time="5.206" errors="0" timestamp="2025-05-05T11:07:27 IST" skipped="0">
  <testcase classname="com.tests.LoginApiTest" name="loginTest" time="5.206"/>
</testsuite> <!-- com.tests.LoginApiTest -->
