<?xml version="1.0" encoding="UTF-8"?>
<!-- Generated by org.testng.reporters.JUnitReportReporter -->
<testsuite hostname="DESKTOP-8PG3HDS" failures="0" tests="1" name="com.tests.GetProfileInfoTest" time="4.981" errors="0" timestamp="2025-05-06T11:53:34 IST" skipped="0">
  <testcase classname="com.tests.GetProfileInfoTest" name="getProfileTest" time="4.981"/>
</testsuite> <!-- com.tests.GetProfileInfoTest -->
