<?xml version="1.0" encoding="UTF-8"?>
<!-- Generated by org.testng.reporters.JUnitReportReporter -->
<testsuite hostname="DESKTOP-8PG3HDS" failures="0" tests="1" name="com.tests.UpdateProfileTest" time="6.204" errors="0" timestamp="2025-05-06T12:55:27 IST" skipped="0">
  <testcase classname="com.tests.UpdateProfileTest" name="updateProfile" time="6.204"/>
</testsuite> <!-- com.tests.UpdateProfileTest -->
